2023-12-12 23:23:18 0 [Note] Starting MariaDB 10.4.32-MariaDB source revision c4143f909528e3fab0677a28631d10389354c491 as process 12188
2023-12-12 23:23:18 0 [Note] InnoDB: Mutexes and rw_locks use Windows interlocked functions
2023-12-12 23:23:18 0 [Note] InnoDB: Uses event mutexes
2023-12-12 23:23:18 0 [Note] InnoDB: Compressed tables use zlib 1.3
2023-12-12 23:23:18 0 [Note] InnoDB: Number of pools: 1
2023-12-12 23:23:18 0 [Note] InnoDB: Using SSE2 crc32 instructions
2023-12-12 23:23:18 0 [Note] InnoDB: Initializing buffer pool, total size = 16M, instances = 1, chunk size = 16M
2023-12-12 23:23:18 0 [Note] InnoDB: Completed initialization of buffer pool
2023-12-12 23:23:18 0 [Note] InnoDB: Starting crash recovery from checkpoint LSN=300288
2023-12-12 23:23:18 0 [Note] InnoDB: 128 out of 128 rollback segments are active.
2023-12-12 23:23:18 0 [Note] InnoDB: Removed temporary tablespace data file: "ibtmp1"
2023-12-12 23:23:18 0 [Note] InnoDB: Creating shared tablespace for temporary tables
2023-12-12 23:23:18 0 [Note] InnoDB: Setting file 'C:\xampp\mysql\data\ibtmp1' size to 12 MB. Physically writing the file full; Please wait ...
2023-12-12 23:23:18 0 [Note] InnoDB: File 'C:\xampp\mysql\data\ibtmp1' size is now 12 MB.
2023-12-12 23:23:18 0 [Note] InnoDB: Waiting for purge to start
2023-12-12 23:23:18 0 [Note] InnoDB: 10.4.32 started; log sequence number 300297; transaction id 170
2023-12-12 23:23:18 0 [Note] InnoDB: Loading buffer pool(s) from C:\xampp\mysql\data\ib_buffer_pool
2023-12-12 23:23:18 0 [Note] Plugin 'FEEDBACK' is disabled.
2023-12-12 23:23:18 0 [Note] InnoDB: Buffer pool(s) load completed at 231212 23:23:18
2023-12-12 23:23:18 0 [Note] Server socket created on IP: '::'.
2023-12-13 19:08:29 0 [Note] Starting MariaDB 10.4.32-MariaDB source revision c4143f909528e3fab0677a28631d10389354c491 as process 16728
2023-12-13 19:08:29 0 [Note] InnoDB: Mutexes and rw_locks use Windows interlocked functions
2023-12-13 19:08:29 0 [Note] InnoDB: Uses event mutexes
2023-12-13 19:08:29 0 [Note] InnoDB: Compressed tables use zlib 1.3
2023-12-13 19:08:29 0 [Note] InnoDB: Number of pools: 1
2023-12-13 19:08:29 0 [Note] InnoDB: Using SSE2 crc32 instructions
2023-12-13 19:08:29 0 [Note] InnoDB: Initializing buffer pool, total size = 16M, instances = 1, chunk size = 16M
2023-12-13 19:08:29 0 [Note] InnoDB: Completed initialization of buffer pool
2023-12-13 19:08:29 0 [Note] InnoDB: Starting crash recovery from checkpoint LSN=311768
2023-12-13 19:08:29 0 [Note] InnoDB: 128 out of 128 rollback segments are active.
2023-12-13 19:08:29 0 [Note] InnoDB: Removed temporary tablespace data file: "ibtmp1"
2023-12-13 19:08:29 0 [Note] InnoDB: Creating shared tablespace for temporary tables
2023-12-13 19:08:29 0 [Note] InnoDB: Setting file 'C:\xampp\mysql\data\ibtmp1' size to 12 MB. Physically writing the file full; Please wait ...
2023-12-13 19:08:29 0 [Note] InnoDB: File 'C:\xampp\mysql\data\ibtmp1' size is now 12 MB.
2023-12-13 19:08:29 0 [Note] InnoDB: Waiting for purge to start
2023-12-13 19:08:29 0 [Note] InnoDB: 10.4.32 started; log sequence number 311777; transaction id 236
2023-12-13 19:08:29 0 [Note] InnoDB: Loading buffer pool(s) from C:\xampp\mysql\data\ib_buffer_pool
2023-12-13 19:08:29 0 [Note] Plugin 'FEEDBACK' is disabled.
2023-12-13 19:08:29 0 [Note] InnoDB: Buffer pool(s) load completed at 231213 19:08:29
2023-12-13 19:08:29 0 [Note] Server socket created on IP: '::'.
2023-12-13 20:45:59 0 [Note] Starting MariaDB 10.4.32-MariaDB source revision c4143f909528e3fab0677a28631d10389354c491 as process 18408
2023-12-13 20:45:59 0 [Note] InnoDB: Mutexes and rw_locks use Windows interlocked functions
2023-12-13 20:45:59 0 [Note] InnoDB: Uses event mutexes
2023-12-13 20:45:59 0 [Note] InnoDB: Compressed tables use zlib 1.3
2023-12-13 20:45:59 0 [Note] InnoDB: Number of pools: 1
2023-12-13 20:45:59 0 [Note] InnoDB: Using SSE2 crc32 instructions
2023-12-13 20:45:59 0 [Note] InnoDB: Initializing buffer pool, total size = 16M, instances = 1, chunk size = 16M
2023-12-13 20:45:59 0 [Note] InnoDB: Completed initialization of buffer pool
2023-12-13 20:45:59 0 [Note] InnoDB: Starting crash recovery from checkpoint LSN=311786
2023-12-13 20:45:59 0 [Note] InnoDB: Starting final batch to recover 1 pages from redo log.
2023-12-13 20:46:00 0 [Note] InnoDB: 128 out of 128 rollback segments are active.
2023-12-13 20:46:00 0 [Note] InnoDB: Removed temporary tablespace data file: "ibtmp1"
2023-12-13 20:46:00 0 [Note] InnoDB: Creating shared tablespace for temporary tables
2023-12-13 20:46:00 0 [Note] InnoDB: Setting file 'C:\xampp\mysql\data\ibtmp1' size to 12 MB. Physically writing the file full; Please wait ...
2023-12-13 20:46:00 0 [Note] InnoDB: File 'C:\xampp\mysql\data\ibtmp1' size is now 12 MB.
2023-12-13 20:46:00 0 [Note] InnoDB: Waiting for purge to start
2023-12-13 20:46:00 0 [Note] InnoDB: 10.4.32 started; log sequence number 312056; transaction id 259
2023-12-13 20:46:00 0 [Note] InnoDB: Loading buffer pool(s) from C:\xampp\mysql\data\ib_buffer_pool
2023-12-13 20:46:00 0 [Note] Plugin 'FEEDBACK' is disabled.
2023-12-13 20:46:00 0 [Note] InnoDB: Buffer pool(s) load completed at 231213 20:46:00
2023-12-13 20:46:00 0 [Note] Server socket created on IP: '::'.
2023-12-14 11:50:47 0 [Note] Starting MariaDB 10.4.32-MariaDB source revision c4143f909528e3fab0677a28631d10389354c491 as process 16104
2023-12-14 11:50:47 0 [Note] InnoDB: Mutexes and rw_locks use Windows interlocked functions
2023-12-14 11:50:47 0 [Note] InnoDB: Uses event mutexes
2023-12-14 11:50:47 0 [Note] InnoDB: Compressed tables use zlib 1.3
2023-12-14 11:50:47 0 [Note] InnoDB: Number of pools: 1
2023-12-14 11:50:47 0 [Note] InnoDB: Using SSE2 crc32 instructions
2023-12-14 11:50:47 0 [Note] InnoDB: Initializing buffer pool, total size = 16M, instances = 1, chunk size = 16M
2023-12-14 11:50:47 0 [Note] InnoDB: Completed initialization of buffer pool
2023-12-14 11:50:47 0 [Note] InnoDB: Starting crash recovery from checkpoint LSN=372430
2023-12-14 11:50:47 0 [Note] InnoDB: 128 out of 128 rollback segments are active.
2023-12-14 11:50:47 0 [Note] InnoDB: Removed temporary tablespace data file: "ibtmp1"
2023-12-14 11:50:47 0 [Note] InnoDB: Creating shared tablespace for temporary tables
2023-12-14 11:50:47 0 [Note] InnoDB: Setting file 'C:\xampp\mysql\data\ibtmp1' size to 12 MB. Physically writing the file full; Please wait ...
2023-12-14 11:50:47 0 [Note] InnoDB: File 'C:\xampp\mysql\data\ibtmp1' size is now 12 MB.
2023-12-14 11:50:47 0 [Note] InnoDB: Waiting for purge to start
2023-12-14 11:50:47 0 [Note] InnoDB: 10.4.32 started; log sequence number 372439; transaction id 442
2023-12-14 11:50:47 0 [Note] InnoDB: Loading buffer pool(s) from C:\xampp\mysql\data\ib_buffer_pool
2023-12-14 11:50:47 0 [Note] Plugin 'FEEDBACK' is disabled.
2023-12-14 11:50:47 0 [Note] InnoDB: Buffer pool(s) load completed at 231214 11:50:47
2023-12-14 11:50:47 0 [Note] Server socket created on IP: '::'.
2023-12-14 15:01:50 0 [Note] Starting MariaDB 10.4.32-MariaDB source revision c4143f909528e3fab0677a28631d10389354c491 as process 23796
2023-12-14 15:01:50 0 [Note] InnoDB: Mutexes and rw_locks use Windows interlocked functions
2023-12-14 15:01:50 0 [Note] InnoDB: Uses event mutexes
2023-12-14 15:01:50 0 [Note] InnoDB: Compressed tables use zlib 1.3
2023-12-14 15:01:50 0 [Note] InnoDB: Number of pools: 1
2023-12-14 15:01:50 0 [Note] InnoDB: Using SSE2 crc32 instructions
2023-12-14 15:01:50 0 [Note] InnoDB: Initializing buffer pool, total size = 16M, instances = 1, chunk size = 16M
2023-12-14 15:01:50 0 [Note] InnoDB: Completed initialization of buffer pool
2023-12-14 15:01:50 0 [Note] InnoDB: Starting crash recovery from checkpoint LSN=446864
2023-12-14 15:01:50 0 [Note] InnoDB: 128 out of 128 rollback segments are active.
2023-12-14 15:01:50 0 [Note] InnoDB: Removed temporary tablespace data file: "ibtmp1"
2023-12-14 15:01:50 0 [Note] InnoDB: Creating shared tablespace for temporary tables
2023-12-14 15:01:50 0 [Note] InnoDB: Setting file 'C:\xampp\mysql\data\ibtmp1' size to 12 MB. Physically writing the file full; Please wait ...
2023-12-14 15:01:50 0 [Note] InnoDB: File 'C:\xampp\mysql\data\ibtmp1' size is now 12 MB.
2023-12-14 15:01:50 0 [Note] InnoDB: Waiting for purge to start
2023-12-14 15:01:50 0 [Note] InnoDB: 10.4.32 started; log sequence number 446873; transaction id 566
2023-12-14 15:01:50 0 [Note] InnoDB: Loading buffer pool(s) from C:\xampp\mysql\data\ib_buffer_pool
2023-12-14 15:01:50 0 [Note] Plugin 'FEEDBACK' is disabled.
2023-12-14 15:01:50 0 [Note] InnoDB: Buffer pool(s) load completed at 231214 15:01:50
2023-12-14 15:01:50 0 [Note] Server socket created on IP: '::'.
2023-12-17  0:04:30 0 [Note] Starting MariaDB 10.4.32-MariaDB source revision c4143f909528e3fab0677a28631d10389354c491 as process 21928
2023-12-17  0:04:30 0 [Note] InnoDB: Mutexes and rw_locks use Windows interlocked functions
2023-12-17  0:04:30 0 [Note] InnoDB: Uses event mutexes
2023-12-17  0:04:30 0 [Note] InnoDB: Compressed tables use zlib 1.3
2023-12-17  0:04:30 0 [Note] InnoDB: Number of pools: 1
2023-12-17  0:04:30 0 [Note] InnoDB: Using SSE2 crc32 instructions
2023-12-17  0:04:30 0 [Note] InnoDB: Initializing buffer pool, total size = 16M, instances = 1, chunk size = 16M
2023-12-17  0:04:30 0 [Note] InnoDB: Completed initialization of buffer pool
2023-12-17  0:04:30 0 [Note] InnoDB: Starting crash recovery from checkpoint LSN=447188
2023-12-17  0:04:30 0 [Note] InnoDB: 128 out of 128 rollback segments are active.
2023-12-17  0:04:30 0 [Note] InnoDB: Removed temporary tablespace data file: "ibtmp1"
2023-12-17  0:04:30 0 [Note] InnoDB: Creating shared tablespace for temporary tables
2023-12-17  0:04:30 0 [Note] InnoDB: Setting file 'C:\xampp\mysql\data\ibtmp1' size to 12 MB. Physically writing the file full; Please wait ...
2023-12-17  0:04:30 0 [Note] InnoDB: File 'C:\xampp\mysql\data\ibtmp1' size is now 12 MB.
2023-12-17  0:04:30 0 [Note] InnoDB: Waiting for purge to start
2023-12-17  0:04:30 0 [Note] InnoDB: 10.4.32 started; log sequence number 447197; transaction id 576
2023-12-17  0:04:30 0 [Note] InnoDB: Loading buffer pool(s) from C:\xampp\mysql\data\ib_buffer_pool
2023-12-17  0:04:30 0 [Note] Plugin 'FEEDBACK' is disabled.
2023-12-17  0:04:30 0 [Note] InnoDB: Buffer pool(s) load completed at 231217  0:04:30
2023-12-17  0:04:30 0 [Note] Server socket created on IP: '::'.
2023-12-17 11:27:36 0 [Note] Starting MariaDB 10.4.32-MariaDB source revision c4143f909528e3fab0677a28631d10389354c491 as process 22168
2023-12-17 11:27:36 0 [Note] InnoDB: Mutexes and rw_locks use Windows interlocked functions
2023-12-17 11:27:36 0 [Note] InnoDB: Uses event mutexes
2023-12-17 11:27:36 0 [Note] InnoDB: Compressed tables use zlib 1.3
2023-12-17 11:27:36 0 [Note] InnoDB: Number of pools: 1
2023-12-17 11:27:36 0 [Note] InnoDB: Using SSE2 crc32 instructions
2023-12-17 11:27:36 0 [Note] InnoDB: Initializing buffer pool, total size = 16M, instances = 1, chunk size = 16M
2023-12-17 11:27:36 0 [Note] InnoDB: Completed initialization of buffer pool
2023-12-17 11:27:36 0 [Note] InnoDB: Starting crash recovery from checkpoint LSN=449451
2023-12-17 11:27:37 0 [Note] InnoDB: 128 out of 128 rollback segments are active.
2023-12-17 11:27:37 0 [Note] InnoDB: Removed temporary tablespace data file: "ibtmp1"
2023-12-17 11:27:37 0 [Note] InnoDB: Creating shared tablespace for temporary tables
2023-12-17 11:27:37 0 [Note] InnoDB: Setting file 'C:\xampp\mysql\data\ibtmp1' size to 12 MB. Physically writing the file full; Please wait ...
2023-12-17 11:27:37 0 [Note] InnoDB: File 'C:\xampp\mysql\data\ibtmp1' size is now 12 MB.
2023-12-17 11:27:37 0 [Note] InnoDB: Waiting for purge to start
2023-12-17 11:27:37 0 [Note] InnoDB: 10.4.32 started; log sequence number 449460; transaction id 592
2023-12-17 11:27:37 0 [Note] InnoDB: Loading buffer pool(s) from C:\xampp\mysql\data\ib_buffer_pool
2023-12-17 11:27:37 0 [Note] Plugin 'FEEDBACK' is disabled.
2023-12-17 11:27:37 0 [Note] InnoDB: Buffer pool(s) load completed at 231217 11:27:37
2023-12-17 11:27:37 0 [Note] Server socket created on IP: '::'.
