[Tue Dec 12 23:17:06.477046 2023] [ssl:warn] [pid 24688:tid 196] AH01909: www.example.com:443:0 server certificate does NOT include an ID which matches the server name
[Tue Dec 12 23:17:06.517923 2023] [ssl:warn] [pid 24688:tid 196] AH01909: www.example.com:443:0 server certificate does NOT include an ID which matches the server name
[Tue Dec 12 23:17:06.634772 2023] [mpm_winnt:notice] [pid 24688:tid 196] AH00455: Apache/2.4.58 (Win64) OpenSSL/3.1.3 PHP/8.2.12 configured -- resuming normal operations
[Tue Dec 12 23:17:06.634772 2023] [mpm_winnt:notice] [pid 24688:tid 196] AH00456: Apache Lounge VS17 Server built: Oct 18 2023 13:03:18
[Tue Dec 12 23:17:06.634772 2023] [core:notice] [pid 24688:tid 196] AH00094: Command line: 'C:\\xampp\\apache\\bin\\httpd.exe -d C:/xampp/apache'
[Tue Dec 12 23:17:06.640771 2023] [mpm_winnt:notice] [pid 24688:tid 196] AH00418: Parent: Created child process 17748
[Tue Dec 12 23:17:07.052985 2023] [ssl:warn] [pid 17748:tid 360] AH01909: www.example.com:443:0 server certificate does NOT include an ID which matches the server name
[Tue Dec 12 23:17:07.082999 2023] [ssl:warn] [pid 17748:tid 360] AH01909: www.example.com:443:0 server certificate does NOT include an ID which matches the server name
[Tue Dec 12 23:17:07.121001 2023] [mpm_winnt:notice] [pid 17748:tid 360] AH00354: Child: Starting 150 worker threads.
[Tue Dec 12 23:23:17.403948 2023] [ssl:warn] [pid 18744:tid 396] AH01909: www.example.com:443:0 server certificate does NOT include an ID which matches the server name
[Tue Dec 12 23:23:17.442658 2023] [ssl:warn] [pid 18744:tid 396] AH01909: www.example.com:443:0 server certificate does NOT include an ID which matches the server name
[Tue Dec 12 23:23:17.480595 2023] [mpm_winnt:notice] [pid 18744:tid 396] AH00455: Apache/2.4.58 (Win64) OpenSSL/3.1.3 PHP/8.2.12 configured -- resuming normal operations
[Tue Dec 12 23:23:17.480595 2023] [mpm_winnt:notice] [pid 18744:tid 396] AH00456: Apache Lounge VS17 Server built: Oct 18 2023 13:03:18
[Tue Dec 12 23:23:17.480595 2023] [core:notice] [pid 18744:tid 396] AH00094: Command line: 'c:\\xampp\\apache\\bin\\httpd.exe -d C:/xampp/apache'
[Tue Dec 12 23:23:17.486687 2023] [mpm_winnt:notice] [pid 18744:tid 396] AH00418: Parent: Created child process 13600
[Tue Dec 12 23:23:17.848510 2023] [ssl:warn] [pid 13600:tid 368] AH01909: www.example.com:443:0 server certificate does NOT include an ID which matches the server name
[Tue Dec 12 23:23:17.877796 2023] [ssl:warn] [pid 13600:tid 368] AH01909: www.example.com:443:0 server certificate does NOT include an ID which matches the server name
[Tue Dec 12 23:23:17.909333 2023] [mpm_winnt:notice] [pid 13600:tid 368] AH00354: Child: Starting 150 worker threads.
[Wed Dec 13 19:08:29.002657 2023] [ssl:warn] [pid 14736:tid 336] AH01909: www.example.com:443:0 server certificate does NOT include an ID which matches the server name
[Wed Dec 13 19:08:29.048003 2023] [core:warn] [pid 14736:tid 336] AH00098: pid file C:/xampp/apache/logs/httpd.pid overwritten -- Unclean shutdown of previous Apache run?
[Wed Dec 13 19:08:29.052004 2023] [ssl:warn] [pid 14736:tid 336] AH01909: www.example.com:443:0 server certificate does NOT include an ID which matches the server name
[Wed Dec 13 19:08:29.477970 2023] [mpm_winnt:notice] [pid 14736:tid 336] AH00455: Apache/2.4.58 (Win64) OpenSSL/3.1.3 PHP/8.2.12 configured -- resuming normal operations
[Wed Dec 13 19:08:29.477970 2023] [mpm_winnt:notice] [pid 14736:tid 336] AH00456: Apache Lounge VS17 Server built: Oct 18 2023 13:03:18
[Wed Dec 13 19:08:29.477970 2023] [core:notice] [pid 14736:tid 336] AH00094: Command line: 'c:\\xampp\\apache\\bin\\httpd.exe -d C:/xampp/apache'
[Wed Dec 13 19:08:29.481970 2023] [mpm_winnt:notice] [pid 14736:tid 336] AH00418: Parent: Created child process 23932
[Wed Dec 13 19:08:29.985067 2023] [ssl:warn] [pid 23932:tid 336] AH01909: www.example.com:443:0 server certificate does NOT include an ID which matches the server name
[Wed Dec 13 19:08:30.030679 2023] [ssl:warn] [pid 23932:tid 336] AH01909: www.example.com:443:0 server certificate does NOT include an ID which matches the server name
[Wed Dec 13 19:08:30.079769 2023] [mpm_winnt:notice] [pid 23932:tid 336] AH00354: Child: Starting 150 worker threads.
[Wed Dec 13 20:04:15.108486 2023] [php:warn] [pid 23932:tid 1908] [client ::1:63559] PHP Warning:  move_uploaded_file(uploads/Lab2_27.10.2022_.pdf): Failed to open stream: No such file or directory in C:\\xampp\\htdocs\\Project\\download.php on line 7, referer: http://localhost/Project/uploadfile.php
[Wed Dec 13 20:04:15.110505 2023] [php:warn] [pid 23932:tid 1908] [client ::1:63559] PHP Warning:  move_uploaded_file(): Unable to move &quot;C:\\xampp\\tmp\\php20D5.tmp&quot; to &quot;uploads/Lab2_27.10.2022_.pdf&quot; in C:\\xampp\\htdocs\\Project\\download.php on line 7, referer: http://localhost/Project/uploadfile.php
[Wed Dec 13 20:05:05.510597 2023] [php:warn] [pid 23932:tid 1908] [client ::1:63577] PHP Warning:  move_uploaded_file(uploads/Lab2_27.10.2022_.pdf): Failed to open stream: No such file or directory in C:\\xampp\\htdocs\\Project\\download.php on line 7, referer: http://localhost/Project/uploadfile.php
[Wed Dec 13 20:05:05.510597 2023] [php:warn] [pid 23932:tid 1908] [client ::1:63577] PHP Warning:  move_uploaded_file(): Unable to move &quot;C:\\xampp\\tmp\\phpE5BC.tmp&quot; to &quot;uploads/Lab2_27.10.2022_.pdf&quot; in C:\\xampp\\htdocs\\Project\\download.php on line 7, referer: http://localhost/Project/uploadfile.php
[Wed Dec 13 20:09:07.830525 2023] [php:warn] [pid 23932:tid 1796] [client ::1:63658] PHP Warning:  move_uploaded_file(uploads/Lab2_27.10.2022_.pdf): Failed to open stream: No such file or directory in C:\\xampp\\htdocs\\Project\\download.php on line 30, referer: http://localhost/Project/uploadfile.php
[Wed Dec 13 20:09:07.830525 2023] [php:warn] [pid 23932:tid 1796] [client ::1:63658] PHP Warning:  move_uploaded_file(): Unable to move &quot;C:\\xampp\\tmp\\php9855.tmp&quot; to &quot;uploads/Lab2_27.10.2022_.pdf&quot; in C:\\xampp\\htdocs\\Project\\download.php on line 30, referer: http://localhost/Project/uploadfile.php
[Wed Dec 13 20:11:14.665383 2023] [php:warn] [pid 23932:tid 1796] [client ::1:63685] PHP Warning:  move_uploaded_file(uploads/CSE B_Evaluation 3.pdf): Failed to open stream: No such file or directory in C:\\xampp\\htdocs\\Project\\download.php on line 30, referer: http://localhost/Project/uploadfile.php
[Wed Dec 13 20:11:14.665383 2023] [php:warn] [pid 23932:tid 1796] [client ::1:63685] PHP Warning:  move_uploaded_file(): Unable to move &quot;C:\\xampp\\tmp\\php87D2.tmp&quot; to &quot;uploads/CSE B_Evaluation 3.pdf&quot; in C:\\xampp\\htdocs\\Project\\download.php on line 30, referer: http://localhost/Project/uploadfile.php
[Wed Dec 13 20:22:51.705648 2023] [php:warn] [pid 23932:tid 1908] [client ::1:63972] PHP Warning:  Undefined variable $destination in C:\\xampp\\htdocs\\Project\\download.php on line 51, referer: http://localhost/Project/uploadfile.php
[Wed Dec 13 20:22:54.200588 2023] [core:error] [pid 23932:tid 1908] (20024)The given path is misformatted or contained invalid characters: [client ::1:63972] AH00127: Cannot map GET /Project/%3Cbr%20/%3E%3Cb%3EWarning%3C/b%3E:%20%20Undefined%20variable%20$destination%20in%20%3Cb%3EC:/xampp/htdocs/Project/download.php%3C/b%3E%20on%20line%20%3Cb%3E51%3C/b%3E%3Cbr%20/%3E HTTP/1.1 to file, referer: http://localhost/Project/download.php
[Wed Dec 13 20:23:18.432140 2023] [php:warn] [pid 23932:tid 1808] [client ::1:63981] PHP Warning:  Undefined variable $destination in C:\\xampp\\htdocs\\Project\\download.php on line 51, referer: http://localhost/Project/uploadfile.php
[Wed Dec 13 20:24:41.825028 2023] [php:warn] [pid 23932:tid 1908] [client ::1:64009] PHP Warning:  Undefined variable $file_name in C:\\xampp\\htdocs\\Project\\download.php on line 51, referer: http://localhost/Project/
[Wed Dec 13 20:24:41.825028 2023] [php:warn] [pid 23932:tid 1908] [client ::1:64009] PHP Warning:  Undefined variable $destination in C:\\xampp\\htdocs\\Project\\download.php on line 51, referer: http://localhost/Project/
[Wed Dec 13 20:24:43.499012 2023] [core:error] [pid 23932:tid 1908] (20024)The given path is misformatted or contained invalid characters: [client ::1:64009] AH00127: Cannot map GET /Project/%3Cbr%20/%3E%3Cb%3EWarning%3C/b%3E:%20%20Undefined%20variable%20$destination%20in%20%3Cb%3EC:/xampp/htdocs/Project/download.php%3C/b%3E%20on%20line%20%3Cb%3E51%3C/b%3E%3Cbr%20/%3E HTTP/1.1 to file, referer: http://localhost/Project/download.php
[Wed Dec 13 20:57:03.964756 2023] [php:error] [pid 23932:tid 1784] [client ::1:64668] PHP Fatal error:  Uncaught mysqli_sql_exception: Unknown database 'playground' in C:\\xampp\\htdocs\\phpscript\\index.php:9\nStack trace:\n#0 C:\\xampp\\htdocs\\phpscript\\index.php(9): mysqli->__construct('localhost', 'root', Object(SensitiveParameterValue), 'playground')\n#1 {main}\n  thrown in C:\\xampp\\htdocs\\phpscript\\index.php on line 9
[Wed Dec 13 22:01:51.424011 2023] [php:error] [pid 23932:tid 1784] [client 127.0.0.1:52057] script 'C:/xampp/htdocs/phpscript/downloads.php' not found or unable to stat
[Wed Dec 13 23:19:38.593435 2023] [php:error] [pid 23932:tid 1764] [client ::1:53865] script 'C:/xampp/htdocs/dbms/update.php' not found or unable to stat, referer: http://localhost/dbms/display.php
[Wed Dec 13 23:22:24.511606 2023] [php:error] [pid 23932:tid 1796] [client ::1:53941] script 'C:/xampp/htdocs/dbms/update.php' not found or unable to stat, referer: http://localhost/dbms/display.php
[Wed Dec 13 23:24:24.978999 2023] [php:error] [pid 23932:tid 1796] [client ::1:53996] script 'C:/xampp/htdocs/dbms/index.php' not found or unable to stat, referer: http://localhost/dbms/display.php
[Wed Dec 13 23:24:26.779816 2023] [php:error] [pid 23932:tid 1796] [client ::1:53996] script 'C:/xampp/htdocs/dbms/index.php' not found or unable to stat, referer: http://localhost/dbms/display.php
[Wed Dec 13 23:24:40.347624 2023] [php:error] [pid 23932:tid 1764] [client ::1:53997] script 'C:/xampp/htdocs/dbms/index.php' not found or unable to stat, referer: http://localhost/dbms/display.php
[Wed Dec 13 23:24:42.499865 2023] [php:error] [pid 23932:tid 1764] [client ::1:53997] script 'C:/xampp/htdocs/dbms/index.php' not found or unable to stat, referer: http://localhost/dbms/display.php
[Wed Dec 13 23:24:57.641219 2023] [php:error] [pid 23932:tid 1796] [client ::1:54010] script 'C:/xampp/htdocs/dbms/index.php' not found or unable to stat, referer: http://localhost/dbms/display.php
[Wed Dec 13 23:25:12.483571 2023] [php:error] [pid 23932:tid 1764] [client ::1:54021] script 'C:/xampp/htdocs/dbms/index.php' not found or unable to stat
[Wed Dec 13 23:26:59.118171 2023] [php:error] [pid 23932:tid 1764] [client ::1:54077] script 'C:/xampp/htdocs/dbms/index.php' not found or unable to stat, referer: http://localhost/dbms/update.php?id=123
[Wed Dec 13 23:28:27.071015 2023] [php:error] [pid 23932:tid 1796] [client ::1:54116] script 'C:/xampp/htdocs/dbms/update.php' not found or unable to stat, referer: http://localhost/dbms/display.php
[Wed Dec 13 23:28:28.797486 2023] [php:error] [pid 23932:tid 1796] [client ::1:54121] script 'C:/xampp/htdocs/dbms/update.php' not found or unable to stat, referer: http://localhost/dbms/display.php
[Wed Dec 13 23:28:35.891643 2023] [php:error] [pid 23932:tid 1764] [client ::1:54122] script 'C:/xampp/htdocs/dbms/update.php' not found or unable to stat, referer: http://localhost/dbms/display.php
[Wed Dec 13 23:29:01.400517 2023] [php:error] [pid 23932:tid 1764] [client ::1:54140] script 'C:/xampp/htdocs/dbms/edit.php' not found or unable to stat, referer: http://localhost/dbms/display.php
[Wed Dec 13 23:29:06.822452 2023] [php:error] [pid 23932:tid 1796] [client ::1:54141] script 'C:/xampp/htdocs/dbms/edit.php' not found or unable to stat, referer: http://localhost/dbms/display.php
[Thu Dec 14 11:50:47.051353 2023] [ssl:warn] [pid 9496:tid 384] AH01909: www.example.com:443:0 server certificate does NOT include an ID which matches the server name
[Thu Dec 14 11:50:47.090985 2023] [core:warn] [pid 9496:tid 384] AH00098: pid file C:/xampp/apache/logs/httpd.pid overwritten -- Unclean shutdown of previous Apache run?
[Thu Dec 14 11:50:47.093980 2023] [ssl:warn] [pid 9496:tid 384] AH01909: www.example.com:443:0 server certificate does NOT include an ID which matches the server name
[Thu Dec 14 11:50:47.470628 2023] [mpm_winnt:notice] [pid 9496:tid 384] AH00455: Apache/2.4.58 (Win64) OpenSSL/3.1.3 PHP/8.2.12 configured -- resuming normal operations
[Thu Dec 14 11:50:47.470628 2023] [mpm_winnt:notice] [pid 9496:tid 384] AH00456: Apache Lounge VS17 Server built: Oct 18 2023 13:03:18
[Thu Dec 14 11:50:47.470628 2023] [core:notice] [pid 9496:tid 384] AH00094: Command line: 'c:\\xampp\\apache\\bin\\httpd.exe -d C:/xampp/apache'
[Thu Dec 14 11:50:47.474625 2023] [mpm_winnt:notice] [pid 9496:tid 384] AH00418: Parent: Created child process 11376
[Thu Dec 14 11:50:47.813144 2023] [ssl:warn] [pid 11376:tid 352] AH01909: www.example.com:443:0 server certificate does NOT include an ID which matches the server name
[Thu Dec 14 11:50:47.855407 2023] [ssl:warn] [pid 11376:tid 352] AH01909: www.example.com:443:0 server certificate does NOT include an ID which matches the server name
[Thu Dec 14 11:50:47.901101 2023] [mpm_winnt:notice] [pid 11376:tid 352] AH00354: Child: Starting 150 worker threads.
[Thu Dec 14 12:13:52.275525 2023] [php:error] [pid 11376:tid 1872] [client ::1:50988] PHP Fatal error:  Uncaught mysqli_sql_exception: Duplicate entry '101' for key 'PRIMARY' in C:\\xampp\\htdocs\\company\\create.php:27\nStack trace:\n#0 C:\\xampp\\htdocs\\company\\create.php(27): mysqli->query('INSERT INTO com...')\n#1 {main}\n  thrown in C:\\xampp\\htdocs\\company\\create.php on line 27, referer: http://localhost/company/create.php
[Thu Dec 14 12:32:29.270850 2023] [php:error] [pid 11376:tid 1876] [client ::1:51252] PHP Fatal error:  Uncaught mysqli_sql_exception: Cannot add or update a child row: a foreign key constraint fails (`playground`.`placements`, CONSTRAINT `placements_ibfk_1` FOREIGN KEY (`company_id`) REFERENCES `company` (`company_id`)) in C:\\xampp\\htdocs\\placement\\add.php:27\nStack trace:\n#0 C:\\xampp\\htdocs\\placement\\add.php(27): mysqli->query('INSERT INTO pla...')\n#1 {main}\n  thrown in C:\\xampp\\htdocs\\placement\\add.php on line 27, referer: http://localhost/placement/add.php
[Thu Dec 14 12:32:40.385680 2023] [php:error] [pid 11376:tid 1900] [client ::1:51253] PHP Fatal error:  Uncaught mysqli_sql_exception: Cannot add or update a child row: a foreign key constraint fails (`playground`.`placements`, CONSTRAINT `placements_ibfk_1` FOREIGN KEY (`company_id`) REFERENCES `company` (`company_id`)) in C:\\xampp\\htdocs\\placement\\add.php:27\nStack trace:\n#0 C:\\xampp\\htdocs\\placement\\add.php(27): mysqli->query('INSERT INTO pla...')\n#1 {main}\n  thrown in C:\\xampp\\htdocs\\placement\\add.php on line 27, referer: http://localhost/placement/add.php
[Thu Dec 14 12:34:44.491980 2023] [php:error] [pid 11376:tid 1876] [client ::1:51272] PHP Fatal error:  Uncaught mysqli_sql_exception: Cannot add or update a child row: a foreign key constraint fails (`playground`.`placements`, CONSTRAINT `placements_ibfk_1` FOREIGN KEY (`company_id`) REFERENCES `company` (`company_id`)) in C:\\xampp\\htdocs\\placement\\add.php:27\nStack trace:\n#0 C:\\xampp\\htdocs\\placement\\add.php(27): mysqli->query('INSERT INTO pla...')\n#1 {main}\n  thrown in C:\\xampp\\htdocs\\placement\\add.php on line 27, referer: http://localhost/placement/add.php
[Thu Dec 14 13:20:37.991516 2023] [php:error] [pid 11376:tid 1892] [client ::1:51859] PHP Fatal error:  Uncaught mysqli_sql_exception: Unknown column 'employment_type' in 'field list' in C:\\xampp\\htdocs\\salary\\addnew.php:27\nStack trace:\n#0 C:\\xampp\\htdocs\\salary\\addnew.php(27): mysqli->query('INSERT INTO sal...')\n#1 {main}\n  thrown in C:\\xampp\\htdocs\\salary\\addnew.php on line 27, referer: http://localhost/salary/addnew.php
[Thu Dec 14 13:20:47.538567 2023] [php:error] [pid 11376:tid 1864] [client ::1:51860] PHP Fatal error:  Uncaught mysqli_sql_exception: Unknown column 'employment_type' in 'field list' in C:\\xampp\\htdocs\\salary\\addnew.php:27\nStack trace:\n#0 C:\\xampp\\htdocs\\salary\\addnew.php(27): mysqli->query('INSERT INTO sal...')\n#1 {main}\n  thrown in C:\\xampp\\htdocs\\salary\\addnew.php on line 27, referer: http://localhost/salary/addnew.php
[Thu Dec 14 13:22:33.601791 2023] [php:error] [pid 11376:tid 1892] [client ::1:51878] PHP Fatal error:  Uncaught mysqli_sql_exception: Unknown column 'employment_type' in 'field list' in C:\\xampp\\htdocs\\salary_details\\addnew.php:27\nStack trace:\n#0 C:\\xampp\\htdocs\\salary_details\\addnew.php(27): mysqli->query('INSERT INTO sal...')\n#1 {main}\n  thrown in C:\\xampp\\htdocs\\salary_details\\addnew.php on line 27, referer: http://localhost/salary_details/addnew.php
[Thu Dec 14 13:24:24.155609 2023] [php:error] [pid 11376:tid 1864] [client ::1:51895] PHP Fatal error:  Uncaught mysqli_sql_exception: Unknown column 'employment_type' in 'field list' in C:\\xampp\\htdocs\\salary_details\\addnew.php:24\nStack trace:\n#0 C:\\xampp\\htdocs\\salary_details\\addnew.php(24): mysqli->prepare('INSERT INTO sal...')\n#1 {main}\n  thrown in C:\\xampp\\htdocs\\salary_details\\addnew.php on line 24, referer: http://localhost/salary_details/addnew.php
[Thu Dec 14 13:24:29.111983 2023] [php:error] [pid 11376:tid 1864] [client ::1:51895] PHP Fatal error:  Uncaught mysqli_sql_exception: Unknown column 'employment_type' in 'field list' in C:\\xampp\\htdocs\\salary_details\\addnew.php:24\nStack trace:\n#0 C:\\xampp\\htdocs\\salary_details\\addnew.php(24): mysqli->prepare('INSERT INTO sal...')\n#1 {main}\n  thrown in C:\\xampp\\htdocs\\salary_details\\addnew.php on line 24, referer: http://localhost/salary_details/addnew.php
[Thu Dec 14 13:24:32.770285 2023] [php:error] [pid 11376:tid 1864] [client ::1:51895] PHP Fatal error:  Uncaught mysqli_sql_exception: Unknown column 'employment_type' in 'field list' in C:\\xampp\\htdocs\\salary_details\\addnew.php:24\nStack trace:\n#0 C:\\xampp\\htdocs\\salary_details\\addnew.php(24): mysqli->prepare('INSERT INTO sal...')\n#1 {main}\n  thrown in C:\\xampp\\htdocs\\salary_details\\addnew.php on line 24, referer: http://localhost/salary_details/addnew.php
[Thu Dec 14 13:28:38.822348 2023] [php:error] [pid 11376:tid 1864] [client ::1:51947] PHP Fatal error:  Uncaught mysqli_sql_exception: Unknown column 'employment_type' in 'field list' in C:\\xampp\\htdocs\\salary_details\\new.php:27\nStack trace:\n#0 C:\\xampp\\htdocs\\salary_details\\new.php(27): mysqli->query('INSERT INTO sal...')\n#1 {main}\n  thrown in C:\\xampp\\htdocs\\salary_details\\new.php on line 27, referer: http://localhost/salary_details/new.php
[Thu Dec 14 15:01:49.772746 2023] [ssl:warn] [pid 22572:tid 352] AH01909: www.example.com:443:0 server certificate does NOT include an ID which matches the server name
[Thu Dec 14 15:01:49.801314 2023] [core:warn] [pid 22572:tid 352] AH00098: pid file C:/xampp/apache/logs/httpd.pid overwritten -- Unclean shutdown of previous Apache run?
[Thu Dec 14 15:01:49.803408 2023] [ssl:warn] [pid 22572:tid 352] AH01909: www.example.com:443:0 server certificate does NOT include an ID which matches the server name
[Thu Dec 14 15:01:50.192876 2023] [mpm_winnt:notice] [pid 22572:tid 352] AH00455: Apache/2.4.58 (Win64) OpenSSL/3.1.3 PHP/8.2.12 configured -- resuming normal operations
[Thu Dec 14 15:01:50.192876 2023] [mpm_winnt:notice] [pid 22572:tid 352] AH00456: Apache Lounge VS17 Server built: Oct 18 2023 13:03:18
[Thu Dec 14 15:01:50.192876 2023] [core:notice] [pid 22572:tid 352] AH00094: Command line: 'c:\\xampp\\apache\\bin\\httpd.exe -d C:/xampp/apache'
[Thu Dec 14 15:01:50.199889 2023] [mpm_winnt:notice] [pid 22572:tid 352] AH00418: Parent: Created child process 11244
[Thu Dec 14 15:01:50.565781 2023] [ssl:warn] [pid 11244:tid 348] AH01909: www.example.com:443:0 server certificate does NOT include an ID which matches the server name
[Thu Dec 14 15:01:50.597860 2023] [ssl:warn] [pid 11244:tid 348] AH01909: www.example.com:443:0 server certificate does NOT include an ID which matches the server name
[Thu Dec 14 15:01:50.630195 2023] [mpm_winnt:notice] [pid 11244:tid 348] AH00354: Child: Starting 150 worker threads.
[Sun Dec 17 00:04:30.375492 2023] [ssl:warn] [pid 4224:tid 348] AH01909: www.example.com:443:0 server certificate does NOT include an ID which matches the server name
[Sun Dec 17 00:04:30.408914 2023] [core:warn] [pid 4224:tid 348] AH00098: pid file C:/xampp/apache/logs/httpd.pid overwritten -- Unclean shutdown of previous Apache run?
[Sun Dec 17 00:04:30.411915 2023] [ssl:warn] [pid 4224:tid 348] AH01909: www.example.com:443:0 server certificate does NOT include an ID which matches the server name
[Sun Dec 17 00:04:30.854029 2023] [mpm_winnt:notice] [pid 4224:tid 348] AH00455: Apache/2.4.58 (Win64) OpenSSL/3.1.3 PHP/8.2.12 configured -- resuming normal operations
[Sun Dec 17 00:04:30.854029 2023] [mpm_winnt:notice] [pid 4224:tid 348] AH00456: Apache Lounge VS17 Server built: Oct 18 2023 13:03:18
[Sun Dec 17 00:04:30.854029 2023] [core:notice] [pid 4224:tid 348] AH00094: Command line: 'c:\\xampp\\apache\\bin\\httpd.exe -d C:/xampp/apache'
[Sun Dec 17 00:04:30.858031 2023] [mpm_winnt:notice] [pid 4224:tid 348] AH00418: Parent: Created child process 7752
[Sun Dec 17 00:04:31.329257 2023] [ssl:warn] [pid 7752:tid 344] AH01909: www.example.com:443:0 server certificate does NOT include an ID which matches the server name
[Sun Dec 17 00:04:31.367253 2023] [ssl:warn] [pid 7752:tid 344] AH01909: www.example.com:443:0 server certificate does NOT include an ID which matches the server name
[Sun Dec 17 00:04:31.415768 2023] [mpm_winnt:notice] [pid 7752:tid 344] AH00354: Child: Starting 150 worker threads.
[Sun Dec 17 11:27:35.456854 2023] [ssl:warn] [pid 12016:tid 204] AH01909: www.example.com:443:0 server certificate does NOT include an ID which matches the server name
[Sun Dec 17 11:27:35.503435 2023] [core:warn] [pid 12016:tid 204] AH00098: pid file C:/xampp/apache/logs/httpd.pid overwritten -- Unclean shutdown of previous Apache run?
[Sun Dec 17 11:27:35.507430 2023] [ssl:warn] [pid 12016:tid 204] AH01909: www.example.com:443:0 server certificate does NOT include an ID which matches the server name
[Sun Dec 17 11:27:35.638369 2023] [mpm_winnt:notice] [pid 12016:tid 204] AH00455: Apache/2.4.58 (Win64) OpenSSL/3.1.3 PHP/8.2.12 configured -- resuming normal operations
[Sun Dec 17 11:27:35.638369 2023] [mpm_winnt:notice] [pid 12016:tid 204] AH00456: Apache Lounge VS17 Server built: Oct 18 2023 13:03:18
[Sun Dec 17 11:27:35.638369 2023] [core:notice] [pid 12016:tid 204] AH00094: Command line: 'c:\\xampp\\apache\\bin\\httpd.exe -d C:/xampp/apache'
[Sun Dec 17 11:27:35.645388 2023] [mpm_winnt:notice] [pid 12016:tid 204] AH00418: Parent: Created child process 11380
[Sun Dec 17 11:27:36.141385 2023] [ssl:warn] [pid 11380:tid 336] AH01909: www.example.com:443:0 server certificate does NOT include an ID which matches the server name
[Sun Dec 17 11:27:36.182206 2023] [ssl:warn] [pid 11380:tid 336] AH01909: www.example.com:443:0 server certificate does NOT include an ID which matches the server name
[Sun Dec 17 11:27:36.228712 2023] [mpm_winnt:notice] [pid 11380:tid 336] AH00354: Child: Starting 150 worker threads.
